                              1 ; Small C 8080
                              2 ;	Coder (2.4,84/11/27)
                              3 ;	Front End (2.7,84/11/28)
                              4 ;	Front End for ASXXXX (2.8,13/01/20)
                              5 		;program area SMALLC_GENERATED is RELOCATABLE
                              6 		.module SMALLC_GENERATED
                              7 		.list   (err, loc, bin, eqt, cyc, lin, src, lst, md)
                              8 		.nlist  (pag)
                              9 		.area  SMALLC_GENERATED  (REL,CON,CSEG)
                             10 ;#include <stdio.h>
                             11 ;#define stdin 0
                             12 ;#define stdout 1
                             13 ;#define stderr 2
                             14 ;#define NULL 0
                             15 ;#define EOF (-1)
                             16 ;#define FILE char
                             17 ;/**
                             18 ; * return length of string, reference CPL p 36
                             19 ; * @param s pointer to string
                             20 ; */
                             21 ;strlen(char *s) {
   0000                      22 strlen:
                             23 ;    int i;
   0000 C5            [12]   24 	push	b
                             25 ;    i = 0;
   0001 21 00 00      [10]   26 	lxi 	h,#0
   0004 39            [10]   27 	dad 	sp
   0005 E5            [12]   28 	push	h
   0006 21 00 00      [10]   29 	lxi 	h,#0
   0009 D1            [10]   30 	pop 	d
   000A CD 00 00      [18]   31 	call	ccpint
                             32 ;    while (*s++) {
   000D                      33 $2:
   000D 21 04 00      [10]   34 	lxi 	h,#4
   0010 39            [10]   35 	dad 	sp
   0011 E5            [12]   36 	push	h
   0012 CD 00 00      [18]   37 	call	ccgint
   0015 23            [ 6]   38 	inx 	h
   0016 D1            [10]   39 	pop 	d
   0017 CD 00 00      [18]   40 	call	ccpint
   001A 2B            [ 6]   41 	dcx 	h
   001B CD 00 00      [18]   42 	call	ccgchar
   001E 7C            [ 4]   43 	mov 	a,h
   001F B5            [ 4]   44 	ora 	l
   0020 CA 34 00      [10]   45 	jz  	$3
                             46 ;        i++;
   0023 21 00 00      [10]   47 	lxi 	h,#0
   0026 39            [10]   48 	dad 	sp
   0027 E5            [12]   49 	push	h
   0028 CD 00 00      [18]   50 	call	ccgint
   002B 23            [ 6]   51 	inx 	h
   002C D1            [10]   52 	pop 	d
   002D CD 00 00      [18]   53 	call	ccpint
   0030 2B            [ 6]   54 	dcx 	h
                             55 ;    }
   0031 C3 0D 00      [10]   56 	jmp 	$2
   0034                      57 $3:
                             58 ;    return i;
   0034 21 00 00      [10]   59 	lxi 	h,#0
   0037 39            [10]   60 	dad 	sp
   0038 CD 00 00      [18]   61 	call	ccgint
   003B C3 3E 00      [10]   62 	jmp 	$1
                             63 ;}
   003E                      64 $1:
   003E C1            [10]   65 	pop 	b
   003F C9            [10]   66 	ret
                             67 		.area  SMALLC_GENERATED_DATA  (REL,CON,DSEG)
                             68 	.globl	strlen
                             69 
                             70 ;0 error(s) in compilation
                             71 ;	literal pool:0
                             72 ;	global pool:1
                             73 ;	Macro pool:103
                             74 	;	.end
